d:\projects0\privoxy\src\debug\vc142.pdb
d:\projects0\privoxy\src\debug\vc142.idb
d:\projects0\privoxy\src\debug\ssplit.obj
d:\projects0\privoxy\src\debug\pcrs.obj
d:\projects0\privoxy\src\debug\parsers.obj
d:\projects0\privoxy\src\debug\miscutil.obj
d:\projects0\privoxy\src\debug\loaders.obj
d:\projects0\privoxy\src\debug\loadcfg.obj
d:\projects0\privoxy\src\debug\list.obj
d:\projects0\privoxy\src\debug\jcc.obj
d:\projects0\privoxy\src\debug\jbsockets.obj
d:\projects0\privoxy\src\debug\gateway.obj
d:\projects0\privoxy\src\debug\fuzz.obj
d:\projects0\privoxy\src\debug\filters.obj
d:\projects0\privoxy\src\debug\errlog.obj
d:\projects0\privoxy\src\debug\encode.obj
d:\projects0\privoxy\src\debug\deanimate.obj
d:\projects0\privoxy\src\debug\client-tags.obj
d:\projects0\privoxy\src\debug\cgisimple.obj
d:\projects0\privoxy\src\debug\cgiedit.obj
d:\projects0\privoxy\src\debug\cgi.obj
d:\projects0\privoxy\src\debug\actions.obj
d:\projects0\privoxy\src\debug\win32.obj
d:\projects0\privoxy\src\debug\w32taskbar.obj
d:\projects0\privoxy\src\debug\w32svrapi.obj
d:\projects0\privoxy\src\debug\w32log.obj
d:\projects0\privoxy\src\debug\urlmatch.obj
d:\projects0\privoxy\bin\privoxy3.exe
d:\projects0\privoxy\bin\privoxy3.ilk
d:\projects0\privoxy\bin\privoxy3.pdb
d:\projects0\privoxy\bin\privoxy3.lib
d:\projects0\privoxy\bin\privoxy3.exp
d:\projects0\privoxy\src\debug\w32.res
d:\projects0\privoxy\src\..\bin\privoxy3.exe
d:\projects0\privoxy\src\debug\privoxy3.tlog\cl.command.1.tlog
d:\projects0\privoxy\src\debug\privoxy3.tlog\cl.read.1.tlog
d:\projects0\privoxy\src\debug\privoxy3.tlog\cl.write.1.tlog
d:\projects0\privoxy\src\debug\privoxy3.tlog\link.command.1.tlog
d:\projects0\privoxy\src\debug\privoxy3.tlog\link.read.1.tlog
d:\projects0\privoxy\src\debug\privoxy3.tlog\link.write.1.tlog
d:\projects0\privoxy\src\debug\privoxy3.tlog\privoxy3.write.1u.tlog
d:\projects0\privoxy\src\debug\privoxy3.tlog\rc.command.1.tlog
d:\projects0\privoxy\src\debug\privoxy3.tlog\rc.read.1.tlog
d:\projects0\privoxy\src\debug\privoxy3.tlog\rc.write.1.tlog
